2022-06-08 07:22:26.863  INFO 6828 --- [restartedMain] com.nnk.springboot.Application           : Starting Application using Java 11.0.10 on L-5CD9291113 with PID 6828 (C:\Users\bintou_traore\Desktop\WorkspacesFormation\Projets\Projet7_Livrables\PoseidonInc\target\classes started by bintou_traore in C:\Users\bintou_traore\Desktop\WorkspacesFormation\Projets\Projet7_Livrables\PoseidonInc)
2022-06-08 07:22:26.877 DEBUG 6828 --- [restartedMain] com.nnk.springboot.Application           : Running with Spring Boot v2.6.7, Spring v5.3.19
2022-06-08 07:22:26.879  INFO 6828 --- [restartedMain] com.nnk.springboot.Application           : No active profile set, falling back to 1 default profile: "default"
2022-06-08 07:22:26.945  INFO 6828 --- [restartedMain] .e.DevToolsPropertyDefaultsPostProcessor : Devtools property defaults active! Set 'spring.devtools.add-properties' to 'false' to disable
2022-06-08 07:22:28.208  INFO 6828 --- [restartedMain] .s.d.r.c.RepositoryConfigurationDelegate : Bootstrapping Spring Data JPA repositories in DEFAULT mode.
2022-06-08 07:22:28.310  INFO 6828 --- [restartedMain] .s.d.r.c.RepositoryConfigurationDelegate : Finished Spring Data repository scanning in 90 ms. Found 6 JPA repository interfaces.
2022-06-08 07:22:28.990  INFO 6828 --- [restartedMain] o.s.b.w.embedded.tomcat.TomcatWebServer  : Tomcat initialized with port(s): 8080 (http)
2022-06-08 07:22:29.005  INFO 6828 --- [restartedMain] o.apache.catalina.core.StandardService   : Starting service [Tomcat]
2022-06-08 07:22:29.005  INFO 6828 --- [restartedMain] org.apache.catalina.core.StandardEngine  : Starting Servlet engine: [Apache Tomcat/9.0.62]
2022-06-08 07:22:29.089  INFO 6828 --- [restartedMain] o.a.c.c.C.[Tomcat].[localhost].[/]       : Initializing Spring embedded WebApplicationContext
2022-06-08 07:22:29.089  INFO 6828 --- [restartedMain] w.s.c.ServletWebServerApplicationContext : Root WebApplicationContext: initialization completed in 2140 ms
2022-06-08 07:22:29.113  INFO 6828 --- [restartedMain] com.zaxxer.hikari.HikariDataSource       : HikariPool-1 - Starting...
2022-06-08 07:22:29.460  INFO 6828 --- [restartedMain] com.zaxxer.hikari.HikariDataSource       : HikariPool-1 - Start completed.
2022-06-08 07:22:29.476  INFO 6828 --- [restartedMain] o.s.b.a.h2.H2ConsoleAutoConfiguration    : H2 console available at '/h2-console'. Database available at 'jdbc:mysql://localhost:3306/poseidoninc'
2022-06-08 07:22:29.512 DEBUG 6828 --- [restartedMain] o.s.b.w.s.ServletContextInitializerBeans : Mapping filters: springSecurityFilterChain urls=[/*] order=-100, filterRegistrationBean urls=[/*] order=2147483647, characterEncodingFilter urls=[/*] order=-2147483648, formContentFilter urls=[/*] order=-9900, requestContextFilter urls=[/*] order=-105
2022-06-08 07:22:29.512 DEBUG 6828 --- [restartedMain] o.s.b.w.s.ServletContextInitializerBeans : Mapping servlets: dispatcherServlet urls=[/], webServlet urls=[/h2-console/*]
2022-06-08 07:22:30.563  INFO 6828 --- [restartedMain] j.LocalContainerEntityManagerFactoryBean : Initialized JPA EntityManagerFactory for persistence unit 'default'
2022-06-08 07:22:30.926  WARN 6828 --- [restartedMain] JpaBaseConfiguration$JpaWebConfiguration : spring.jpa.open-in-view is enabled by default. Therefore, database queries may be performed during view rendering. Explicitly configure spring.jpa.open-in-view to disable this warning
2022-06-08 07:22:31.062  WARN 6828 --- [restartedMain] o.s.s.c.a.web.builders.WebSecurity       : You are asking Spring Security to ignore Ant [pattern='/css/**']. This is not recommended -- please use permitAll via HttpSecurity#authorizeHttpRequests instead.
2022-06-08 07:22:31.062  INFO 6828 --- [restartedMain] o.s.s.web.DefaultSecurityFilterChain     : Will not secure Ant [pattern='/css/**']
2022-06-08 07:22:31.125  INFO 6828 --- [restartedMain] o.s.s.web.DefaultSecurityFilterChain     : Will secure any request with [org.springframework.security.web.context.request.async.WebAsyncManagerIntegrationFilter@55eadf14, org.springframework.security.web.context.SecurityContextPersistenceFilter@6b4ef0ce, org.springframework.security.web.header.HeaderWriterFilter@125230f7, org.springframework.security.web.authentication.logout.LogoutFilter@775f38de, org.springframework.security.oauth2.client.web.OAuth2AuthorizationRequestRedirectFilter@57aa0b69, org.springframework.security.oauth2.client.web.OAuth2LoginAuthenticationFilter@2b647e21, org.springframework.security.web.authentication.UsernamePasswordAuthenticationFilter@4dc25bb8, org.springframework.security.web.savedrequest.RequestCacheAwareFilter@762e9678, org.springframework.security.web.servletapi.SecurityContextHolderAwareRequestFilter@6c97f9ca, org.springframework.security.web.authentication.AnonymousAuthenticationFilter@7adb1068, org.springframework.security.web.session.SessionManagementFilter@4b40ff92, org.springframework.security.web.access.ExceptionTranslationFilter@3e05e25a, org.springframework.security.web.access.intercept.FilterSecurityInterceptor@16e86498]
2022-06-08 07:22:31.245 DEBUG 6828 --- [restartedMain] s.w.s.m.m.a.RequestMappingHandlerAdapter : ControllerAdvice beans: 0 @ModelAttribute, 0 @InitBinder, 1 RequestBodyAdvice, 1 ResponseBodyAdvice
2022-06-08 07:22:31.293 DEBUG 6828 --- [restartedMain] s.w.s.m.m.a.RequestMappingHandlerMapping : 42 mappings in 'requestMappingHandlerMapping'
2022-06-08 07:22:31.324 DEBUG 6828 --- [restartedMain] o.s.w.s.handler.SimpleUrlHandlerMapping  : Patterns [/webjars/**, /**] in 'resourceHandlerMapping'
2022-06-08 07:22:31.324 DEBUG 6828 --- [restartedMain] .m.m.a.ExceptionHandlerExceptionResolver : ControllerAdvice beans: 0 @ExceptionHandler, 1 ResponseBodyAdvice
2022-06-08 07:22:31.427  INFO 6828 --- [restartedMain] o.s.b.d.a.OptionalLiveReloadServer       : LiveReload server is running on port 35729
2022-06-08 07:22:31.461  INFO 6828 --- [restartedMain] o.s.b.w.embedded.tomcat.TomcatWebServer  : Tomcat started on port(s): 8080 (http) with context path ''
2022-06-08 07:22:31.474  INFO 6828 --- [restartedMain] com.nnk.springboot.Application           : Started Application in 5.289 seconds (JVM running for 7.128)
2022-06-08 07:25:47.526  INFO 6828 --- [http-nio-8080-exec-1] o.a.c.c.C.[Tomcat].[localhost].[/]       : Initializing Spring DispatcherServlet 'dispatcherServlet'
2022-06-08 07:25:47.528  INFO 6828 --- [http-nio-8080-exec-1] o.s.web.servlet.DispatcherServlet        : Initializing Servlet 'dispatcherServlet'
2022-06-08 07:25:47.528 DEBUG 6828 --- [http-nio-8080-exec-1] o.s.web.servlet.DispatcherServlet        : Detected StandardServletMultipartResolver
2022-06-08 07:25:47.528 DEBUG 6828 --- [http-nio-8080-exec-1] o.s.web.servlet.DispatcherServlet        : Detected AcceptHeaderLocaleResolver
2022-06-08 07:25:47.528 DEBUG 6828 --- [http-nio-8080-exec-1] o.s.web.servlet.DispatcherServlet        : Detected FixedThemeResolver
2022-06-08 07:25:47.530 DEBUG 6828 --- [http-nio-8080-exec-1] o.s.web.servlet.DispatcherServlet        : Detected org.springframework.web.servlet.view.DefaultRequestToViewNameTranslator@4fd70c91
2022-06-08 07:25:47.530 DEBUG 6828 --- [http-nio-8080-exec-1] o.s.web.servlet.DispatcherServlet        : Detected org.springframework.web.servlet.support.SessionFlashMapManager@3a05399d
2022-06-08 07:25:47.530 DEBUG 6828 --- [http-nio-8080-exec-1] o.s.web.servlet.DispatcherServlet        : enableLoggingRequestDetails='false': request parameters and headers will be masked to prevent unsafe logging of potentially sensitive data
2022-06-08 07:25:47.530  INFO 6828 --- [http-nio-8080-exec-1] o.s.web.servlet.DispatcherServlet        : Completed initialization in 2 ms
2022-06-08 07:25:47.842  WARN 6828 --- [http-nio-8080-exec-1] o.a.c.util.SessionIdGeneratorBase        : Creation of SecureRandom instance for session ID generation using [SHA1PRNG] took [254] milliseconds.
2022-06-08 07:25:47.861 DEBUG 6828 --- [http-nio-8080-exec-2] o.s.web.servlet.DispatcherServlet        : GET "/login", parameters={}
2022-06-08 07:25:47.861 DEBUG 6828 --- [http-nio-8080-exec-2] s.w.s.m.m.a.RequestMappingHandlerMapping : Mapped to com.nnk.springboot.controllers.LoginController#login(Model)
2022-06-08 07:25:47.891 DEBUG 6828 --- [http-nio-8080-exec-2] o.s.w.s.v.ContentNegotiatingViewResolver : Selected 'text/html' given [text/html, application/xhtml+xml, image/avif, image/webp, application/xml;q=0.9, */*;q=0.8]
2022-06-08 07:25:48.165 DEBUG 6828 --- [http-nio-8080-exec-2] o.s.web.servlet.DispatcherServlet        : Completed 200 OK
2022-06-08 07:25:48.253 DEBUG 6828 --- [http-nio-8080-exec-3] o.s.web.servlet.DispatcherServlet        : GET "/css/bootstrap.min.css", parameters={}
2022-06-08 07:25:48.260 DEBUG 6828 --- [http-nio-8080-exec-3] o.s.w.s.handler.SimpleUrlHandlerMapping  : Mapped to ResourceHttpRequestHandler [classpath [META-INF/resources/], classpath [resources/], classpath [static/], classpath [public/], ServletContext [/]]
2022-06-08 07:25:48.263 DEBUG 6828 --- [http-nio-8080-exec-4] o.s.web.servlet.DispatcherServlet        : GET "/css/style.css", parameters={}
2022-06-08 07:25:48.264 DEBUG 6828 --- [http-nio-8080-exec-4] o.s.w.s.handler.SimpleUrlHandlerMapping  : Mapped to ResourceHttpRequestHandler [classpath [META-INF/resources/], classpath [resources/], classpath [static/], classpath [public/], ServletContext [/]]
2022-06-08 07:25:48.283 DEBUG 6828 --- [http-nio-8080-exec-4] o.s.web.servlet.DispatcherServlet        : Completed 200 OK
2022-06-08 07:25:48.290 DEBUG 6828 --- [http-nio-8080-exec-3] o.s.web.servlet.DispatcherServlet        : Completed 200 OK
2022-06-08 07:25:48.429 DEBUG 6828 --- [http-nio-8080-exec-7] o.s.web.servlet.DispatcherServlet        : GET "/login", parameters={}
2022-06-08 07:25:48.429 DEBUG 6828 --- [http-nio-8080-exec-8] o.s.web.servlet.DispatcherServlet        : GET "/login", parameters={}
2022-06-08 07:25:48.429 DEBUG 6828 --- [http-nio-8080-exec-7] s.w.s.m.m.a.RequestMappingHandlerMapping : Mapped to com.nnk.springboot.controllers.LoginController#login(Model)
2022-06-08 07:25:48.429 DEBUG 6828 --- [http-nio-8080-exec-8] s.w.s.m.m.a.RequestMappingHandlerMapping : Mapped to com.nnk.springboot.controllers.LoginController#login(Model)
2022-06-08 07:25:48.430 DEBUG 6828 --- [http-nio-8080-exec-7] o.s.w.s.v.ContentNegotiatingViewResolver : Selected '*/*' given [image/avif, image/webp, */*]
2022-06-08 07:25:48.430 DEBUG 6828 --- [http-nio-8080-exec-8] o.s.w.s.v.ContentNegotiatingViewResolver : Selected '*/*' given [image/avif, image/webp, */*]
2022-06-08 07:25:48.440 DEBUG 6828 --- [http-nio-8080-exec-8] o.s.web.servlet.DispatcherServlet        : Completed 200 OK
2022-06-08 07:25:48.440 DEBUG 6828 --- [http-nio-8080-exec-7] o.s.web.servlet.DispatcherServlet        : Completed 200 OK
2022-06-08 07:26:26.361 DEBUG 6828 --- [http-nio-8080-exec-1] o.s.web.servlet.DispatcherServlet        : GET "/login", parameters={}
2022-06-08 07:26:26.363 DEBUG 6828 --- [http-nio-8080-exec-1] s.w.s.m.m.a.RequestMappingHandlerMapping : Mapped to com.nnk.springboot.controllers.LoginController#login(Model)
2022-06-08 07:26:26.363 DEBUG 6828 --- [http-nio-8080-exec-1] o.s.w.s.v.ContentNegotiatingViewResolver : Selected 'text/html' given [text/html, application/xhtml+xml, image/avif, image/webp, application/xml;q=0.9, */*;q=0.8]
2022-06-08 07:26:26.366 DEBUG 6828 --- [http-nio-8080-exec-1] o.s.web.servlet.DispatcherServlet        : Completed 200 OK
2022-06-08 07:26:26.471 DEBUG 6828 --- [http-nio-8080-exec-4] o.s.web.servlet.DispatcherServlet        : GET "/css/style.css", parameters={}
2022-06-08 07:26:26.470 DEBUG 6828 --- [http-nio-8080-exec-2] o.s.web.servlet.DispatcherServlet        : GET "/css/bootstrap.min.css", parameters={}
2022-06-08 07:26:26.472 DEBUG 6828 --- [http-nio-8080-exec-4] o.s.w.s.handler.SimpleUrlHandlerMapping  : Mapped to ResourceHttpRequestHandler [classpath [META-INF/resources/], classpath [resources/], classpath [static/], classpath [public/], ServletContext [/]]
2022-06-08 07:26:26.473 DEBUG 6828 --- [http-nio-8080-exec-2] o.s.w.s.handler.SimpleUrlHandlerMapping  : Mapped to ResourceHttpRequestHandler [classpath [META-INF/resources/], classpath [resources/], classpath [static/], classpath [public/], ServletContext [/]]
2022-06-08 07:26:26.478 DEBUG 6828 --- [http-nio-8080-exec-4] o.s.web.servlet.DispatcherServlet        : Completed 200 OK
2022-06-08 07:26:26.480 DEBUG 6828 --- [http-nio-8080-exec-2] o.s.web.servlet.DispatcherServlet        : Completed 200 OK
2022-06-08 07:26:26.512 DEBUG 6828 --- [http-nio-8080-exec-5] o.s.web.servlet.DispatcherServlet        : GET "/login", parameters={}
2022-06-08 07:26:26.512 DEBUG 6828 --- [http-nio-8080-exec-7] o.s.web.servlet.DispatcherServlet        : GET "/login", parameters={}
2022-06-08 07:26:26.513 DEBUG 6828 --- [http-nio-8080-exec-7] s.w.s.m.m.a.RequestMappingHandlerMapping : Mapped to com.nnk.springboot.controllers.LoginController#login(Model)
2022-06-08 07:26:26.513 DEBUG 6828 --- [http-nio-8080-exec-5] s.w.s.m.m.a.RequestMappingHandlerMapping : Mapped to com.nnk.springboot.controllers.LoginController#login(Model)
2022-06-08 07:26:26.514 DEBUG 6828 --- [http-nio-8080-exec-7] o.s.w.s.v.ContentNegotiatingViewResolver : Selected '*/*' given [image/avif, image/webp, */*]
2022-06-08 07:26:26.515 DEBUG 6828 --- [http-nio-8080-exec-5] o.s.w.s.v.ContentNegotiatingViewResolver : Selected '*/*' given [image/avif, image/webp, */*]
2022-06-08 07:26:26.521 DEBUG 6828 --- [http-nio-8080-exec-7] o.s.web.servlet.DispatcherServlet        : Completed 200 OK
2022-06-08 07:26:26.524 DEBUG 6828 --- [http-nio-8080-exec-5] o.s.web.servlet.DispatcherServlet        : Completed 200 OK
2022-06-08 07:26:32.679 DEBUG 6828 --- [http-nio-8080-exec-9] o.s.web.servlet.DispatcherServlet        : GET "/login", parameters={}
2022-06-08 07:26:32.681 DEBUG 6828 --- [http-nio-8080-exec-9] s.w.s.m.m.a.RequestMappingHandlerMapping : Mapped to com.nnk.springboot.controllers.LoginController#login(Model)
2022-06-08 07:26:32.681 DEBUG 6828 --- [http-nio-8080-exec-9] o.s.w.s.v.ContentNegotiatingViewResolver : Selected 'text/html' given [text/html, application/xhtml+xml, image/avif, image/webp, application/xml;q=0.9, */*;q=0.8]
2022-06-08 07:26:32.684 DEBUG 6828 --- [http-nio-8080-exec-9] o.s.web.servlet.DispatcherServlet        : Completed 200 OK
2022-06-08 07:26:32.767 DEBUG 6828 --- [http-nio-8080-exec-1] o.s.web.servlet.DispatcherServlet        : GET "/css/style.css", parameters={}
2022-06-08 07:26:32.767 DEBUG 6828 --- [http-nio-8080-exec-10] o.s.web.servlet.DispatcherServlet        : GET "/css/bootstrap.min.css", parameters={}
2022-06-08 07:26:32.767 DEBUG 6828 --- [http-nio-8080-exec-1] o.s.w.s.handler.SimpleUrlHandlerMapping  : Mapped to ResourceHttpRequestHandler [classpath [META-INF/resources/], classpath [resources/], classpath [static/], classpath [public/], ServletContext [/]]
2022-06-08 07:26:32.767 DEBUG 6828 --- [http-nio-8080-exec-10] o.s.w.s.handler.SimpleUrlHandlerMapping  : Mapped to ResourceHttpRequestHandler [classpath [META-INF/resources/], classpath [resources/], classpath [static/], classpath [public/], ServletContext [/]]
2022-06-08 07:26:32.770 DEBUG 6828 --- [http-nio-8080-exec-1] o.s.web.servlet.DispatcherServlet        : Completed 200 OK
2022-06-08 07:26:32.772 DEBUG 6828 --- [http-nio-8080-exec-10] o.s.web.servlet.DispatcherServlet        : Completed 200 OK
2022-06-08 07:26:32.802 DEBUG 6828 --- [http-nio-8080-exec-3] o.s.web.servlet.DispatcherServlet        : GET "/login", parameters={}
2022-06-08 07:26:32.803 DEBUG 6828 --- [http-nio-8080-exec-6] o.s.web.servlet.DispatcherServlet        : GET "/login", parameters={}
2022-06-08 07:26:32.804 DEBUG 6828 --- [http-nio-8080-exec-3] s.w.s.m.m.a.RequestMappingHandlerMapping : Mapped to com.nnk.springboot.controllers.LoginController#login(Model)
2022-06-08 07:26:32.804 DEBUG 6828 --- [http-nio-8080-exec-6] s.w.s.m.m.a.RequestMappingHandlerMapping : Mapped to com.nnk.springboot.controllers.LoginController#login(Model)
2022-06-08 07:26:32.805 DEBUG 6828 --- [http-nio-8080-exec-3] o.s.w.s.v.ContentNegotiatingViewResolver : Selected '*/*' given [image/avif, image/webp, */*]
2022-06-08 07:26:32.805 DEBUG 6828 --- [http-nio-8080-exec-6] o.s.w.s.v.ContentNegotiatingViewResolver : Selected '*/*' given [image/avif, image/webp, */*]
2022-06-08 07:26:32.811 DEBUG 6828 --- [http-nio-8080-exec-3] o.s.web.servlet.DispatcherServlet        : Completed 200 OK
2022-06-08 07:26:32.812 DEBUG 6828 --- [http-nio-8080-exec-6] o.s.web.servlet.DispatcherServlet        : Completed 200 OK
2022-06-08 07:26:40.121 DEBUG 6828 --- [http-nio-8080-exec-5] o.s.web.servlet.DispatcherServlet        : GET "/login", parameters={}
2022-06-08 07:26:40.122 DEBUG 6828 --- [http-nio-8080-exec-5] s.w.s.m.m.a.RequestMappingHandlerMapping : Mapped to com.nnk.springboot.controllers.LoginController#login(Model)
2022-06-08 07:26:40.123 DEBUG 6828 --- [http-nio-8080-exec-5] o.s.w.s.v.ContentNegotiatingViewResolver : Selected 'text/html' given [text/html, application/xhtml+xml, image/avif, image/webp, application/xml;q=0.9, */*;q=0.8]
2022-06-08 07:26:40.126 DEBUG 6828 --- [http-nio-8080-exec-5] o.s.web.servlet.DispatcherServlet        : Completed 200 OK
2022-06-08 07:26:40.219 DEBUG 6828 --- [http-nio-8080-exec-8] o.s.web.servlet.DispatcherServlet        : GET "/css/bootstrap.min.css", parameters={}
2022-06-08 07:26:40.219 DEBUG 6828 --- [http-nio-8080-exec-9] o.s.web.servlet.DispatcherServlet        : GET "/css/style.css", parameters={}
2022-06-08 07:26:40.220 DEBUG 6828 --- [http-nio-8080-exec-9] o.s.w.s.handler.SimpleUrlHandlerMapping  : Mapped to ResourceHttpRequestHandler [classpath [META-INF/resources/], classpath [resources/], classpath [static/], classpath [public/], ServletContext [/]]
2022-06-08 07:26:40.220 DEBUG 6828 --- [http-nio-8080-exec-8] o.s.w.s.handler.SimpleUrlHandlerMapping  : Mapped to ResourceHttpRequestHandler [classpath [META-INF/resources/], classpath [resources/], classpath [static/], classpath [public/], ServletContext [/]]
2022-06-08 07:26:40.225 DEBUG 6828 --- [http-nio-8080-exec-9] o.s.web.servlet.DispatcherServlet        : Completed 200 OK
2022-06-08 07:26:40.227 DEBUG 6828 --- [http-nio-8080-exec-8] o.s.web.servlet.DispatcherServlet        : Completed 200 OK
2022-06-08 07:26:40.261 DEBUG 6828 --- [http-nio-8080-exec-4] o.s.web.servlet.DispatcherServlet        : GET "/login", parameters={}
2022-06-08 07:26:40.261 DEBUG 6828 --- [http-nio-8080-exec-2] o.s.web.servlet.DispatcherServlet        : GET "/login", parameters={}
2022-06-08 07:26:40.262 DEBUG 6828 --- [http-nio-8080-exec-2] s.w.s.m.m.a.RequestMappingHandlerMapping : Mapped to com.nnk.springboot.controllers.LoginController#login(Model)
2022-06-08 07:26:40.262 DEBUG 6828 --- [http-nio-8080-exec-4] s.w.s.m.m.a.RequestMappingHandlerMapping : Mapped to com.nnk.springboot.controllers.LoginController#login(Model)
2022-06-08 07:26:40.263 DEBUG 6828 --- [http-nio-8080-exec-4] o.s.w.s.v.ContentNegotiatingViewResolver : Selected '*/*' given [image/avif, image/webp, */*]
2022-06-08 07:26:40.263 DEBUG 6828 --- [http-nio-8080-exec-2] o.s.w.s.v.ContentNegotiatingViewResolver : Selected '*/*' given [image/avif, image/webp, */*]
2022-06-08 07:26:40.266 DEBUG 6828 --- [http-nio-8080-exec-4] o.s.web.servlet.DispatcherServlet        : Completed 200 OK
2022-06-08 07:26:40.266 DEBUG 6828 --- [http-nio-8080-exec-2] o.s.web.servlet.DispatcherServlet        : Completed 200 OK
2022-06-08 07:26:43.440 DEBUG 6828 --- [http-nio-8080-exec-6] o.s.web.servlet.DispatcherServlet        : GET "/login?error", parameters={masked}
2022-06-08 07:26:43.441 DEBUG 6828 --- [http-nio-8080-exec-6] s.w.s.m.m.a.RequestMappingHandlerMapping : Mapped to com.nnk.springboot.controllers.LoginController#login(Model)
2022-06-08 07:26:43.442 DEBUG 6828 --- [http-nio-8080-exec-6] o.s.w.s.v.ContentNegotiatingViewResolver : Selected 'text/html' given [text/html, application/xhtml+xml, image/avif, image/webp, application/xml;q=0.9, */*;q=0.8]
2022-06-08 07:26:43.442 DEBUG 6828 --- [http-nio-8080-exec-6] o.s.web.servlet.DispatcherServlet        : Completed 200 OK
2022-06-08 07:26:43.464 DEBUG 6828 --- [http-nio-8080-exec-7] o.s.web.servlet.DispatcherServlet        : GET "/css/bootstrap.min.css", parameters={}
2022-06-08 07:26:43.464 DEBUG 6828 --- [http-nio-8080-exec-5] o.s.web.servlet.DispatcherServlet        : GET "/css/style.css", parameters={}
2022-06-08 07:26:43.464 DEBUG 6828 --- [http-nio-8080-exec-7] o.s.w.s.handler.SimpleUrlHandlerMapping  : Mapped to ResourceHttpRequestHandler [classpath [META-INF/resources/], classpath [resources/], classpath [static/], classpath [public/], ServletContext [/]]
2022-06-08 07:26:43.464 DEBUG 6828 --- [http-nio-8080-exec-5] o.s.w.s.handler.SimpleUrlHandlerMapping  : Mapped to ResourceHttpRequestHandler [classpath [META-INF/resources/], classpath [resources/], classpath [static/], classpath [public/], ServletContext [/]]
2022-06-08 07:26:43.469 DEBUG 6828 --- [http-nio-8080-exec-5] o.s.web.servlet.DispatcherServlet        : Completed 200 OK
2022-06-08 07:26:43.471 DEBUG 6828 --- [http-nio-8080-exec-7] o.s.web.servlet.DispatcherServlet        : Completed 200 OK
2022-06-08 07:26:43.477 DEBUG 6828 --- [http-nio-8080-exec-10] o.s.web.servlet.DispatcherServlet        : GET "/login", parameters={}
2022-06-08 07:26:43.478 DEBUG 6828 --- [http-nio-8080-exec-10] s.w.s.m.m.a.RequestMappingHandlerMapping : Mapped to com.nnk.springboot.controllers.LoginController#login(Model)
2022-06-08 07:26:43.478 DEBUG 6828 --- [http-nio-8080-exec-10] o.s.w.s.v.ContentNegotiatingViewResolver : Selected '*/*' given [image/avif, image/webp, */*]
2022-06-08 07:26:43.482 DEBUG 6828 --- [http-nio-8080-exec-10] o.s.web.servlet.DispatcherServlet        : Completed 200 OK
2022-06-08 07:26:43.483 DEBUG 6828 --- [http-nio-8080-exec-1] o.s.web.servlet.DispatcherServlet        : GET "/login", parameters={}
2022-06-08 07:26:43.483 DEBUG 6828 --- [http-nio-8080-exec-1] s.w.s.m.m.a.RequestMappingHandlerMapping : Mapped to com.nnk.springboot.controllers.LoginController#login(Model)
2022-06-08 07:26:43.484 DEBUG 6828 --- [http-nio-8080-exec-1] o.s.w.s.v.ContentNegotiatingViewResolver : Selected '*/*' given [image/avif, image/webp, */*]
2022-06-08 07:26:43.486 DEBUG 6828 --- [http-nio-8080-exec-1] o.s.web.servlet.DispatcherServlet        : Completed 200 OK
2022-06-08 07:26:58.285 DEBUG 6828 --- [http-nio-8080-exec-4] o.s.web.servlet.DispatcherServlet        : GET "/login?error", parameters={masked}
2022-06-08 07:26:58.285 DEBUG 6828 --- [http-nio-8080-exec-4] s.w.s.m.m.a.RequestMappingHandlerMapping : Mapped to com.nnk.springboot.controllers.LoginController#login(Model)
2022-06-08 07:26:58.286 DEBUG 6828 --- [http-nio-8080-exec-4] o.s.w.s.v.ContentNegotiatingViewResolver : Selected 'text/html' given [text/html, application/xhtml+xml, image/avif, image/webp, application/xml;q=0.9, */*;q=0.8]
2022-06-08 07:26:58.292 DEBUG 6828 --- [http-nio-8080-exec-4] o.s.web.servlet.DispatcherServlet        : Completed 200 OK
2022-06-08 07:26:58.395 DEBUG 6828 --- [http-nio-8080-exec-3] o.s.web.servlet.DispatcherServlet        : GET "/css/bootstrap.min.css", parameters={}
2022-06-08 07:26:58.396 DEBUG 6828 --- [http-nio-8080-exec-6] o.s.web.servlet.DispatcherServlet        : GET "/css/style.css", parameters={}
2022-06-08 07:26:58.396 DEBUG 6828 --- [http-nio-8080-exec-3] o.s.w.s.handler.SimpleUrlHandlerMapping  : Mapped to ResourceHttpRequestHandler [classpath [META-INF/resources/], classpath [resources/], classpath [static/], classpath [public/], ServletContext [/]]
2022-06-08 07:26:58.396 DEBUG 6828 --- [http-nio-8080-exec-6] o.s.w.s.handler.SimpleUrlHandlerMapping  : Mapped to ResourceHttpRequestHandler [classpath [META-INF/resources/], classpath [resources/], classpath [static/], classpath [public/], ServletContext [/]]
2022-06-08 07:26:58.400 DEBUG 6828 --- [http-nio-8080-exec-6] o.s.web.servlet.DispatcherServlet        : Completed 200 OK
2022-06-08 07:26:58.401 DEBUG 6828 --- [http-nio-8080-exec-3] o.s.web.servlet.DispatcherServlet        : Completed 200 OK
2022-06-08 07:26:58.414 DEBUG 6828 --- [http-nio-8080-exec-8] o.s.web.servlet.DispatcherServlet        : GET "/login", parameters={}
2022-06-08 07:26:58.415 DEBUG 6828 --- [http-nio-8080-exec-8] s.w.s.m.m.a.RequestMappingHandlerMapping : Mapped to com.nnk.springboot.controllers.LoginController#login(Model)
2022-06-08 07:26:58.416 DEBUG 6828 --- [http-nio-8080-exec-8] o.s.w.s.v.ContentNegotiatingViewResolver : Selected '*/*' given [image/avif, image/webp, */*]
2022-06-08 07:26:58.419 DEBUG 6828 --- [http-nio-8080-exec-8] o.s.web.servlet.DispatcherServlet        : Completed 200 OK
2022-06-08 07:26:58.428 DEBUG 6828 --- [http-nio-8080-exec-9] o.s.web.servlet.DispatcherServlet        : GET "/login", parameters={}
2022-06-08 07:26:58.428 DEBUG 6828 --- [http-nio-8080-exec-9] s.w.s.m.m.a.RequestMappingHandlerMapping : Mapped to com.nnk.springboot.controllers.LoginController#login(Model)
2022-06-08 07:26:58.429 DEBUG 6828 --- [http-nio-8080-exec-9] o.s.w.s.v.ContentNegotiatingViewResolver : Selected '*/*' given [image/avif, image/webp, */*]
2022-06-08 07:26:58.435 DEBUG 6828 --- [http-nio-8080-exec-9] o.s.web.servlet.DispatcherServlet        : Completed 200 OK
2022-06-08 07:29:28.404 DEBUG 6828 --- [http-nio-8080-exec-3] o.s.web.servlet.DispatcherServlet        : GET "/login", parameters={}
2022-06-08 07:29:28.404 DEBUG 6828 --- [http-nio-8080-exec-3] s.w.s.m.m.a.RequestMappingHandlerMapping : Mapped to com.nnk.springboot.controllers.LoginController#login(Model)
2022-06-08 07:29:28.404 DEBUG 6828 --- [http-nio-8080-exec-3] o.s.w.s.v.ContentNegotiatingViewResolver : Selected 'text/html' given [text/html, application/xhtml+xml, image/avif, image/webp, application/xml;q=0.9, */*;q=0.8]
2022-06-08 07:29:28.409 DEBUG 6828 --- [http-nio-8080-exec-3] o.s.web.servlet.DispatcherServlet        : Completed 200 OK
2022-06-08 07:29:28.444 DEBUG 6828 --- [http-nio-8080-exec-5] o.s.web.servlet.DispatcherServlet        : GET "/css/bootstrap.min.css", parameters={}
2022-06-08 07:29:28.444 DEBUG 6828 --- [http-nio-8080-exec-5] o.s.w.s.handler.SimpleUrlHandlerMapping  : Mapped to ResourceHttpRequestHandler [classpath [META-INF/resources/], classpath [resources/], classpath [static/], classpath [public/], ServletContext [/]]
2022-06-08 07:29:28.444 DEBUG 6828 --- [http-nio-8080-exec-7] o.s.web.servlet.DispatcherServlet        : GET "/css/style.css", parameters={}
2022-06-08 07:29:28.445 DEBUG 6828 --- [http-nio-8080-exec-7] o.s.w.s.handler.SimpleUrlHandlerMapping  : Mapped to ResourceHttpRequestHandler [classpath [META-INF/resources/], classpath [resources/], classpath [static/], classpath [public/], ServletContext [/]]
2022-06-08 07:29:28.449 DEBUG 6828 --- [http-nio-8080-exec-7] o.s.web.servlet.DispatcherServlet        : Completed 200 OK
2022-06-08 07:29:28.449 DEBUG 6828 --- [http-nio-8080-exec-5] o.s.web.servlet.DispatcherServlet        : Completed 200 OK
2022-06-08 07:29:28.459 DEBUG 6828 --- [http-nio-8080-exec-1] o.s.web.servlet.DispatcherServlet        : GET "/login", parameters={}
2022-06-08 07:29:28.459 DEBUG 6828 --- [http-nio-8080-exec-4] o.s.web.servlet.DispatcherServlet        : GET "/login", parameters={}
2022-06-08 07:29:28.459 DEBUG 6828 --- [http-nio-8080-exec-1] s.w.s.m.m.a.RequestMappingHandlerMapping : Mapped to com.nnk.springboot.controllers.LoginController#login(Model)
2022-06-08 07:29:28.459 DEBUG 6828 --- [http-nio-8080-exec-4] s.w.s.m.m.a.RequestMappingHandlerMapping : Mapped to com.nnk.springboot.controllers.LoginController#login(Model)
2022-06-08 07:29:28.459 DEBUG 6828 --- [http-nio-8080-exec-1] o.s.w.s.v.ContentNegotiatingViewResolver : Selected '*/*' given [image/avif, image/webp, */*]
2022-06-08 07:29:28.459 DEBUG 6828 --- [http-nio-8080-exec-4] o.s.w.s.v.ContentNegotiatingViewResolver : Selected '*/*' given [image/avif, image/webp, */*]
2022-06-08 07:29:28.464 DEBUG 6828 --- [http-nio-8080-exec-1] o.s.web.servlet.DispatcherServlet        : Completed 200 OK
2022-06-08 07:29:28.464 DEBUG 6828 --- [http-nio-8080-exec-4] o.s.web.servlet.DispatcherServlet        : Completed 200 OK
2022-06-08 07:29:33.561 DEBUG 6828 --- [http-nio-8080-exec-2] o.s.web.servlet.DispatcherServlet        : GET "/login?error", parameters={masked}
2022-06-08 07:29:33.561 DEBUG 6828 --- [http-nio-8080-exec-2] s.w.s.m.m.a.RequestMappingHandlerMapping : Mapped to com.nnk.springboot.controllers.LoginController#login(Model)
2022-06-08 07:29:33.562 DEBUG 6828 --- [http-nio-8080-exec-2] o.s.w.s.v.ContentNegotiatingViewResolver : Selected 'text/html' given [text/html, application/xhtml+xml, image/avif, image/webp, application/xml;q=0.9, */*;q=0.8]
2022-06-08 07:29:33.564 DEBUG 6828 --- [http-nio-8080-exec-2] o.s.web.servlet.DispatcherServlet        : Completed 200 OK
2022-06-08 07:29:33.577 DEBUG 6828 --- [http-nio-8080-exec-3] o.s.web.servlet.DispatcherServlet        : GET "/css/style.css", parameters={}
2022-06-08 07:29:33.577 DEBUG 6828 --- [http-nio-8080-exec-6] o.s.web.servlet.DispatcherServlet        : GET "/css/bootstrap.min.css", parameters={}
2022-06-08 07:29:33.587 DEBUG 6828 --- [http-nio-8080-exec-3] o.s.w.s.handler.SimpleUrlHandlerMapping  : Mapped to ResourceHttpRequestHandler [classpath [META-INF/resources/], classpath [resources/], classpath [static/], classpath [public/], ServletContext [/]]
2022-06-08 07:29:33.587 DEBUG 6828 --- [http-nio-8080-exec-6] o.s.w.s.handler.SimpleUrlHandlerMapping  : Mapped to ResourceHttpRequestHandler [classpath [META-INF/resources/], classpath [resources/], classpath [static/], classpath [public/], ServletContext [/]]
2022-06-08 07:29:33.591 DEBUG 6828 --- [http-nio-8080-exec-3] o.s.web.servlet.DispatcherServlet        : Completed 200 OK
2022-06-08 07:29:33.592 DEBUG 6828 --- [http-nio-8080-exec-6] o.s.web.servlet.DispatcherServlet        : Completed 200 OK
2022-06-08 07:29:33.597 DEBUG 6828 --- [http-nio-8080-exec-8] o.s.web.servlet.DispatcherServlet        : GET "/login", parameters={}
2022-06-08 07:29:33.598 DEBUG 6828 --- [http-nio-8080-exec-8] s.w.s.m.m.a.RequestMappingHandlerMapping : Mapped to com.nnk.springboot.controllers.LoginController#login(Model)
2022-06-08 07:29:33.598 DEBUG 6828 --- [http-nio-8080-exec-8] o.s.w.s.v.ContentNegotiatingViewResolver : Selected '*/*' given [image/avif, image/webp, */*]
2022-06-08 07:29:33.601 DEBUG 6828 --- [http-nio-8080-exec-8] o.s.web.servlet.DispatcherServlet        : Completed 200 OK
2022-06-08 07:29:33.603 DEBUG 6828 --- [http-nio-8080-exec-9] o.s.web.servlet.DispatcherServlet        : GET "/login", parameters={}
2022-06-08 07:29:33.603 DEBUG 6828 --- [http-nio-8080-exec-9] s.w.s.m.m.a.RequestMappingHandlerMapping : Mapped to com.nnk.springboot.controllers.LoginController#login(Model)
2022-06-08 07:29:33.604 DEBUG 6828 --- [http-nio-8080-exec-9] o.s.w.s.v.ContentNegotiatingViewResolver : Selected '*/*' given [image/avif, image/webp, */*]
2022-06-08 07:29:33.608 DEBUG 6828 --- [http-nio-8080-exec-9] o.s.web.servlet.DispatcherServlet        : Completed 200 OK
2022-06-08 07:29:42.120 DEBUG 6828 --- [http-nio-8080-exec-1] o.s.web.servlet.DispatcherServlet        : GET "/login", parameters={}
2022-06-08 07:29:42.120 DEBUG 6828 --- [http-nio-8080-exec-1] s.w.s.m.m.a.RequestMappingHandlerMapping : Mapped to com.nnk.springboot.controllers.LoginController#login(Model)
2022-06-08 07:29:42.121 DEBUG 6828 --- [http-nio-8080-exec-1] o.s.w.s.v.ContentNegotiatingViewResolver : Selected 'text/html' given [text/html, application/xhtml+xml, image/avif, image/webp, image/apng, application/xml;q=0.9, application/signed-exchange;v=b3;q=0.9, */*;q=0.8]
2022-06-08 07:29:42.125 DEBUG 6828 --- [http-nio-8080-exec-1] o.s.web.servlet.DispatcherServlet        : Completed 200 OK
2022-06-08 07:29:42.137 DEBUG 6828 --- [http-nio-8080-exec-10] o.s.web.servlet.DispatcherServlet        : GET "/css/bootstrap.min.css", parameters={}
2022-06-08 07:29:42.137 DEBUG 6828 --- [http-nio-8080-exec-10] o.s.w.s.handler.SimpleUrlHandlerMapping  : Mapped to ResourceHttpRequestHandler [classpath [META-INF/resources/], classpath [resources/], classpath [static/], classpath [public/], ServletContext [/]]
2022-06-08 07:29:42.139 DEBUG 6828 --- [http-nio-8080-exec-2] o.s.web.servlet.DispatcherServlet        : GET "/css/style.css", parameters={}
2022-06-08 07:29:42.139 DEBUG 6828 --- [http-nio-8080-exec-2] o.s.w.s.handler.SimpleUrlHandlerMapping  : Mapped to ResourceHttpRequestHandler [classpath [META-INF/resources/], classpath [resources/], classpath [static/], classpath [public/], ServletContext [/]]
2022-06-08 07:29:42.144 DEBUG 6828 --- [http-nio-8080-exec-10] o.s.web.servlet.DispatcherServlet        : Completed 200 OK
2022-06-08 07:29:42.146 DEBUG 6828 --- [http-nio-8080-exec-2] o.s.web.servlet.DispatcherServlet        : Completed 200 OK
2022-06-08 07:29:42.151 DEBUG 6828 --- [http-nio-8080-exec-7] o.s.web.servlet.DispatcherServlet        : GET "/login", parameters={}
2022-06-08 07:29:42.152 DEBUG 6828 --- [http-nio-8080-exec-7] s.w.s.m.m.a.RequestMappingHandlerMapping : Mapped to com.nnk.springboot.controllers.LoginController#login(Model)
2022-06-08 07:29:42.153 DEBUG 6828 --- [http-nio-8080-exec-7] o.s.w.s.v.ContentNegotiatingViewResolver : Selected '*/*' given [application/signed-exchange;v=b3;q=0.7, */*;q=0.8]
2022-06-08 07:29:42.157 DEBUG 6828 --- [http-nio-8080-exec-7] o.s.web.servlet.DispatcherServlet        : Completed 200 OK
2022-06-08 07:29:42.159 DEBUG 6828 --- [http-nio-8080-exec-5] o.s.web.servlet.DispatcherServlet        : GET "/login", parameters={}
2022-06-08 07:29:42.160 DEBUG 6828 --- [http-nio-8080-exec-5] s.w.s.m.m.a.RequestMappingHandlerMapping : Mapped to com.nnk.springboot.controllers.LoginController#login(Model)
2022-06-08 07:29:42.161 DEBUG 6828 --- [http-nio-8080-exec-5] o.s.w.s.v.ContentNegotiatingViewResolver : Selected '*/*' given [application/signed-exchange;v=b3;q=0.7, */*;q=0.8]
2022-06-08 07:29:42.164 DEBUG 6828 --- [http-nio-8080-exec-5] o.s.web.servlet.DispatcherServlet        : Completed 200 OK
2022-06-08 07:29:42.422 DEBUG 6828 --- [http-nio-8080-exec-9] o.s.web.servlet.DispatcherServlet        : GET "/login", parameters={}
2022-06-08 07:29:42.422 DEBUG 6828 --- [http-nio-8080-exec-9] s.w.s.m.m.a.RequestMappingHandlerMapping : Mapped to com.nnk.springboot.controllers.LoginController#login(Model)
2022-06-08 07:29:42.424 DEBUG 6828 --- [http-nio-8080-exec-9] o.s.w.s.v.ContentNegotiatingViewResolver : Selected 'text/html' given [text/html, application/xhtml+xml, image/avif, image/webp, image/apng, application/xml;q=0.9, application/signed-exchange;v=b3;q=0.9, */*;q=0.8]
2022-06-08 07:29:42.430 DEBUG 6828 --- [http-nio-8080-exec-9] o.s.web.servlet.DispatcherServlet        : Completed 200 OK
2022-06-08 07:29:42.461 DEBUG 6828 --- [http-nio-8080-exec-4] o.s.web.servlet.DispatcherServlet        : GET "/css/bootstrap.min.css", parameters={}
2022-06-08 07:29:42.461 DEBUG 6828 --- [http-nio-8080-exec-4] o.s.w.s.handler.SimpleUrlHandlerMapping  : Mapped to ResourceHttpRequestHandler [classpath [META-INF/resources/], classpath [resources/], classpath [static/], classpath [public/], ServletContext [/]]
2022-06-08 07:29:42.466 DEBUG 6828 --- [http-nio-8080-exec-4] o.s.web.servlet.DispatcherServlet        : Completed 200 OK
2022-06-08 07:29:42.467 DEBUG 6828 --- [http-nio-8080-exec-1] o.s.web.servlet.DispatcherServlet        : GET "/css/style.css", parameters={}
2022-06-08 07:29:42.468 DEBUG 6828 --- [http-nio-8080-exec-1] o.s.w.s.handler.SimpleUrlHandlerMapping  : Mapped to ResourceHttpRequestHandler [classpath [META-INF/resources/], classpath [resources/], classpath [static/], classpath [public/], ServletContext [/]]
2022-06-08 07:29:42.473 DEBUG 6828 --- [http-nio-8080-exec-1] o.s.web.servlet.DispatcherServlet        : Completed 200 OK
2022-06-08 07:29:42.572 DEBUG 6828 --- [http-nio-8080-exec-10] o.s.web.servlet.DispatcherServlet        : GET "/login", parameters={}
2022-06-08 07:29:42.572 DEBUG 6828 --- [http-nio-8080-exec-10] s.w.s.m.m.a.RequestMappingHandlerMapping : Mapped to com.nnk.springboot.controllers.LoginController#login(Model)
2022-06-08 07:29:42.573 DEBUG 6828 --- [http-nio-8080-exec-10] o.s.w.s.v.ContentNegotiatingViewResolver : Selected '*/*' given [image/avif, image/webp, image/apng, image/svg+xml, image/*, */*;q=0.8]
2022-06-08 07:29:42.577 DEBUG 6828 --- [http-nio-8080-exec-10] o.s.web.servlet.DispatcherServlet        : Completed 200 OK
2022-06-08 07:29:42.579 DEBUG 6828 --- [http-nio-8080-exec-2] o.s.web.servlet.DispatcherServlet        : GET "/login", parameters={}
2022-06-08 07:29:42.579 DEBUG 6828 --- [http-nio-8080-exec-2] s.w.s.m.m.a.RequestMappingHandlerMapping : Mapped to com.nnk.springboot.controllers.LoginController#login(Model)
2022-06-08 07:29:42.580 DEBUG 6828 --- [http-nio-8080-exec-2] o.s.w.s.v.ContentNegotiatingViewResolver : Selected '*/*' given [image/avif, image/webp, image/apng, image/svg+xml, image/*, */*;q=0.8]
2022-06-08 07:29:42.588 DEBUG 6828 --- [http-nio-8080-exec-2] o.s.web.servlet.DispatcherServlet        : Completed 200 OK
2022-06-08 07:29:43.380 DEBUG 6828 --- [http-nio-8080-exec-5] o.s.web.servlet.DispatcherServlet        : GET "/login", parameters={}
2022-06-08 07:29:43.380 DEBUG 6828 --- [http-nio-8080-exec-5] s.w.s.m.m.a.RequestMappingHandlerMapping : Mapped to com.nnk.springboot.controllers.LoginController#login(Model)
2022-06-08 07:29:43.381 DEBUG 6828 --- [http-nio-8080-exec-5] o.s.w.s.v.ContentNegotiatingViewResolver : Selected '*/*' given [image/avif, image/webp, image/apng, image/svg+xml, image/*, */*;q=0.8]
2022-06-08 07:29:43.382 DEBUG 6828 --- [http-nio-8080-exec-5] o.s.web.servlet.DispatcherServlet        : Completed 200 OK
2022-06-08 07:29:44.816 DEBUG 6828 --- [http-nio-8080-exec-9] o.s.web.servlet.DispatcherServlet        : GET "/bidList/list", parameters={}
2022-06-08 07:29:44.816 DEBUG 6828 --- [http-nio-8080-exec-9] s.w.s.m.m.a.RequestMappingHandlerMapping : Mapped to com.nnk.springboot.controllers.BidListController#home(Model)
2022-06-08 07:29:44.845 DEBUG 6828 --- [http-nio-8080-exec-9] o.s.w.s.v.ContentNegotiatingViewResolver : Selected 'text/html' given [text/html, application/xhtml+xml, image/avif, image/webp, image/apng, application/xml;q=0.9, application/signed-exchange;v=b3;q=0.9, */*;q=0.8]
2022-06-08 07:29:44.868 DEBUG 6828 --- [http-nio-8080-exec-9] o.s.web.servlet.DispatcherServlet        : Completed 200 OK
2022-06-08 07:29:44.880 DEBUG 6828 --- [http-nio-8080-exec-4] o.s.web.servlet.DispatcherServlet        : GET "/css/bootstrap.min.css", parameters={}
2022-06-08 07:29:44.880 DEBUG 6828 --- [http-nio-8080-exec-4] o.s.w.s.handler.SimpleUrlHandlerMapping  : Mapped to ResourceHttpRequestHandler [classpath [META-INF/resources/], classpath [resources/], classpath [static/], classpath [public/], ServletContext [/]]
2022-06-08 07:29:44.884 DEBUG 6828 --- [http-nio-8080-exec-4] o.s.web.servlet.DispatcherServlet        : Completed 200 OK
2022-06-08 07:29:44.915 DEBUG 6828 --- [http-nio-8080-exec-1] o.s.web.servlet.DispatcherServlet        : GET "/favicon.ico", parameters={}
2022-06-08 07:29:44.916 DEBUG 6828 --- [http-nio-8080-exec-1] o.s.w.s.handler.SimpleUrlHandlerMapping  : Mapped to ResourceHttpRequestHandler [classpath [META-INF/resources/], classpath [resources/], classpath [static/], classpath [public/], ServletContext [/]]
2022-06-08 07:29:44.920 DEBUG 6828 --- [http-nio-8080-exec-1] o.s.w.s.r.ResourceHttpRequestHandler     : Resource not found
2022-06-08 07:29:44.921 DEBUG 6828 --- [http-nio-8080-exec-1] o.s.web.servlet.DispatcherServlet        : Completed 404 NOT_FOUND
2022-06-08 07:29:44.933 DEBUG 6828 --- [http-nio-8080-exec-1] o.s.web.servlet.DispatcherServlet        : "ERROR" dispatch for GET "/error", parameters={}
2022-06-08 07:29:44.934 DEBUG 6828 --- [http-nio-8080-exec-1] o.s.w.s.handler.SimpleUrlHandlerMapping  : Mapped to ResourceHttpRequestHandler [classpath [META-INF/resources/], classpath [resources/], classpath [static/], classpath [public/], ServletContext [/]]
2022-06-08 07:29:44.936 DEBUG 6828 --- [http-nio-8080-exec-1] o.s.w.s.r.ResourceHttpRequestHandler     : Resource not found
2022-06-08 07:29:44.937 DEBUG 6828 --- [http-nio-8080-exec-1] o.s.web.servlet.DispatcherServlet        : Exiting from "ERROR" dispatch, status 404
2022-06-08 07:30:46.968 DEBUG 6828 --- [http-nio-8080-exec-4] o.s.web.servlet.DispatcherServlet        : GET "/bidList/list", parameters={}
2022-06-08 07:30:46.968 DEBUG 6828 --- [http-nio-8080-exec-4] s.w.s.m.m.a.RequestMappingHandlerMapping : Mapped to com.nnk.springboot.controllers.BidListController#home(Model)
2022-06-08 07:30:46.976 DEBUG 6828 --- [http-nio-8080-exec-4] o.s.w.s.v.ContentNegotiatingViewResolver : Selected 'text/html' given [text/html, application/xhtml+xml, image/avif, image/webp, image/apng, application/xml;q=0.9, application/signed-exchange;v=b3;q=0.9, */*;q=0.8]
2022-06-08 07:30:46.980 DEBUG 6828 --- [http-nio-8080-exec-4] o.s.web.servlet.DispatcherServlet        : Completed 200 OK
2022-06-08 07:30:46.999 DEBUG 6828 --- [http-nio-8080-exec-1] o.s.web.servlet.DispatcherServlet        : GET "/css/bootstrap.min.css", parameters={}
2022-06-08 07:30:47.000 DEBUG 6828 --- [http-nio-8080-exec-1] o.s.w.s.handler.SimpleUrlHandlerMapping  : Mapped to ResourceHttpRequestHandler [classpath [META-INF/resources/], classpath [resources/], classpath [static/], classpath [public/], ServletContext [/]]
2022-06-08 07:30:47.005 DEBUG 6828 --- [http-nio-8080-exec-1] o.s.web.servlet.DispatcherServlet        : Completed 200 OK
2022-06-08 07:32:54.277 DEBUG 6828 --- [http-nio-8080-exec-3] o.s.web.servlet.DispatcherServlet        : GET "/curvePoint/list", parameters={}
2022-06-08 07:32:54.278 DEBUG 6828 --- [http-nio-8080-exec-3] s.w.s.m.m.a.RequestMappingHandlerMapping : Mapped to com.nnk.springboot.controllers.CurveController#home(Model)
2022-06-08 07:32:54.299 DEBUG 6828 --- [http-nio-8080-exec-3] o.s.w.s.v.ContentNegotiatingViewResolver : Selected 'text/html' given [text/html, application/xhtml+xml, image/avif, image/webp, image/apng, application/xml;q=0.9, application/signed-exchange;v=b3;q=0.9, */*;q=0.8]
2022-06-08 07:32:54.302 DEBUG 6828 --- [http-nio-8080-exec-3] o.s.web.servlet.DispatcherServlet        : Completed 200 OK
2022-06-08 07:32:54.318 DEBUG 6828 --- [http-nio-8080-exec-2] o.s.web.servlet.DispatcherServlet        : GET "/css/bootstrap.min.css", parameters={}
2022-06-08 07:32:54.319 DEBUG 6828 --- [http-nio-8080-exec-2] o.s.w.s.handler.SimpleUrlHandlerMapping  : Mapped to ResourceHttpRequestHandler [classpath [META-INF/resources/], classpath [resources/], classpath [static/], classpath [public/], ServletContext [/]]
2022-06-08 07:32:54.322 DEBUG 6828 --- [http-nio-8080-exec-2] o.s.web.servlet.DispatcherServlet        : Completed 200 OK
2022-06-08 07:35:43.329 DEBUG 6828 --- [http-nio-8080-exec-9] o.s.web.servlet.DispatcherServlet        : GET "/rating/list", parameters={}
2022-06-08 07:35:43.330 DEBUG 6828 --- [http-nio-8080-exec-9] s.w.s.m.m.a.RequestMappingHandlerMapping : Mapped to com.nnk.springboot.controllers.RatingController#home(Model)
2022-06-08 07:35:43.351 DEBUG 6828 --- [http-nio-8080-exec-9] o.s.w.s.v.ContentNegotiatingViewResolver : Selected 'text/html' given [text/html, application/xhtml+xml, image/avif, image/webp, image/apng, application/xml;q=0.9, application/signed-exchange;v=b3;q=0.9, */*;q=0.8]
2022-06-08 07:35:43.354 DEBUG 6828 --- [http-nio-8080-exec-9] o.s.web.servlet.DispatcherServlet        : Completed 200 OK
2022-06-08 07:35:43.369 DEBUG 6828 --- [http-nio-8080-exec-8] o.s.web.servlet.DispatcherServlet        : GET "/css/bootstrap.min.css", parameters={}
2022-06-08 07:35:43.369 DEBUG 6828 --- [http-nio-8080-exec-8] o.s.w.s.handler.SimpleUrlHandlerMapping  : Mapped to ResourceHttpRequestHandler [classpath [META-INF/resources/], classpath [resources/], classpath [static/], classpath [public/], ServletContext [/]]
2022-06-08 07:35:43.375 DEBUG 6828 --- [http-nio-8080-exec-8] o.s.web.servlet.DispatcherServlet        : Completed 200 OK
2022-06-08 07:35:49.136 DEBUG 6828 --- [http-nio-8080-exec-4] o.s.web.servlet.DispatcherServlet        : GET "/trade/list", parameters={}
2022-06-08 07:35:49.137 DEBUG 6828 --- [http-nio-8080-exec-4] s.w.s.m.m.a.RequestMappingHandlerMapping : Mapped to com.nnk.springboot.controllers.TradeController#home(Model)
2022-06-08 07:35:49.151 DEBUG 6828 --- [http-nio-8080-exec-4] o.s.w.s.v.ContentNegotiatingViewResolver : Selected 'text/html' given [text/html, application/xhtml+xml, image/avif, image/webp, image/apng, application/xml;q=0.9, application/signed-exchange;v=b3;q=0.9, */*;q=0.8]
2022-06-08 07:35:49.157 DEBUG 6828 --- [http-nio-8080-exec-4] o.s.web.servlet.DispatcherServlet        : Completed 200 OK
2022-06-08 07:35:49.170 DEBUG 6828 --- [http-nio-8080-exec-1] o.s.web.servlet.DispatcherServlet        : GET "/css/bootstrap.min.css", parameters={}
2022-06-08 07:35:49.171 DEBUG 6828 --- [http-nio-8080-exec-1] o.s.w.s.handler.SimpleUrlHandlerMapping  : Mapped to ResourceHttpRequestHandler [classpath [META-INF/resources/], classpath [resources/], classpath [static/], classpath [public/], ServletContext [/]]
2022-06-08 07:35:49.175 DEBUG 6828 --- [http-nio-8080-exec-1] o.s.web.servlet.DispatcherServlet        : Completed 200 OK
2022-06-08 07:35:56.616 DEBUG 6828 --- [http-nio-8080-exec-6] o.s.web.servlet.DispatcherServlet        : GET "/ruleName/list", parameters={}
2022-06-08 07:35:56.617 DEBUG 6828 --- [http-nio-8080-exec-6] s.w.s.m.m.a.RequestMappingHandlerMapping : Mapped to com.nnk.springboot.controllers.RuleNameController#home(Model)
2022-06-08 07:35:56.640 DEBUG 6828 --- [http-nio-8080-exec-6] o.s.w.s.v.ContentNegotiatingViewResolver : Selected 'text/html' given [text/html, application/xhtml+xml, image/avif, image/webp, image/apng, application/xml;q=0.9, application/signed-exchange;v=b3;q=0.9, */*;q=0.8]
2022-06-08 07:35:56.643 DEBUG 6828 --- [http-nio-8080-exec-6] o.s.web.servlet.DispatcherServlet        : Completed 200 OK
2022-06-08 07:35:56.654 DEBUG 6828 --- [http-nio-8080-exec-10] o.s.web.servlet.DispatcherServlet        : GET "/css/bootstrap.min.css", parameters={}
2022-06-08 07:35:56.655 DEBUG 6828 --- [http-nio-8080-exec-10] o.s.w.s.handler.SimpleUrlHandlerMapping  : Mapped to ResourceHttpRequestHandler [classpath [META-INF/resources/], classpath [resources/], classpath [static/], classpath [public/], ServletContext [/]]
2022-06-08 07:35:56.661 DEBUG 6828 --- [http-nio-8080-exec-10] o.s.web.servlet.DispatcherServlet        : Completed 200 OK
